{
  "/Users/mick/Documents/GitHub/HomeWiseAI_3/dist/assets/index-BTu_Pp-8.js": {
    "path": "/Users/mick/Documents/GitHub/HomeWiseAI_3/dist/assets/index-BTu_Pp-8.js",
    "all": true,
    "statementMap": {
      "0": { "start": { "line": 1, "column": 0 }, "end": { "line": 1, "column": 868 } },
      "1": { "start": { "line": 2, "column": 0 }, "end": { "line": 2, "column": 17 } },
      "2": { "start": { "line": 3, "column": 0 }, "end": { "line": 3, "column": 26 } },
      "3": { "start": { "line": 4, "column": 0 }, "end": { "line": 4, "column": 2 } },
      "4": { "start": { "line": 5, "column": 0 }, "end": { "line": 5, "column": 51 } },
      "5": { "start": { "line": 6, "column": 0 }, "end": { "line": 6, "column": 2 } },
      "6": { "start": { "line": 7, "column": 0 }, "end": { "line": 7, "column": 66 } },
      "7": { "start": { "line": 8, "column": 0 }, "end": { "line": 8, "column": 58 } },
      "8": { "start": { "line": 9, "column": 0 }, "end": { "line": 9, "column": 6636 } },
      "9": { "start": { "line": 10, "column": 0 }, "end": { "line": 10, "column": 17 } },
      "10": { "start": { "line": 11, "column": 0 }, "end": { "line": 11, "column": 38 } },
      "11": { "start": { "line": 12, "column": 0 }, "end": { "line": 12, "column": 2 } },
      "12": { "start": { "line": 13, "column": 0 }, "end": { "line": 13, "column": 51 } },
      "13": { "start": { "line": 14, "column": 0 }, "end": { "line": 14, "column": 2 } },
      "14": { "start": { "line": 15, "column": 0 }, "end": { "line": 15, "column": 66 } },
      "15": { "start": { "line": 16, "column": 0 }, "end": { "line": 16, "column": 58 } },
      "16": { "start": { "line": 17, "column": 0 }, "end": { "line": 17, "column": 813 } },
      "17": { "start": { "line": 18, "column": 0 }, "end": { "line": 18, "column": 17 } },
      "18": { "start": { "line": 19, "column": 0 }, "end": { "line": 19, "column": 30 } },
      "19": { "start": { "line": 20, "column": 0 }, "end": { "line": 20, "column": 2 } },
      "20": { "start": { "line": 21, "column": 0 }, "end": { "line": 21, "column": 51 } },
      "21": { "start": { "line": 22, "column": 0 }, "end": { "line": 22, "column": 2 } },
      "22": { "start": { "line": 23, "column": 0 }, "end": { "line": 23, "column": 66 } },
      "23": { "start": { "line": 24, "column": 0 }, "end": { "line": 24, "column": 58 } },
      "24": { "start": { "line": 25, "column": 0 }, "end": { "line": 25, "column": 4022 } },
      "25": { "start": { "line": 26, "column": 0 }, "end": { "line": 26, "column": 17 } },
      "26": { "start": { "line": 27, "column": 0 }, "end": { "line": 27, "column": 30 } },
      "27": { "start": { "line": 28, "column": 0 }, "end": { "line": 28, "column": 2 } },
      "28": { "start": { "line": 29, "column": 0 }, "end": { "line": 29, "column": 51 } },
      "29": { "start": { "line": 30, "column": 0 }, "end": { "line": 30, "column": 2 } },
      "30": { "start": { "line": 31, "column": 0 }, "end": { "line": 31, "column": 66 } },
      "31": { "start": { "line": 32, "column": 0 }, "end": { "line": 32, "column": 58 } },
      "32": { "start": { "line": 33, "column": 0 }, "end": { "line": 33, "column": 6101 } },
      "33": { "start": { "line": 34, "column": 0 }, "end": { "line": 34, "column": 507 } },
      "34": { "start": { "line": 35, "column": 0 }, "end": { "line": 35, "column": 20 } },
      "35": { "start": { "line": 36, "column": 0 }, "end": { "line": 36, "column": 153 } },
      "36": { "start": { "line": 37, "column": 0 }, "end": { "line": 37, "column": 37473 } },
      "37": { "start": { "line": 38, "column": 0 }, "end": { "line": 38, "column": 27908 } },
      "38": { "start": { "line": 39, "column": 0 }, "end": { "line": 39, "column": 37 } },
      "39": { "start": { "line": 40, "column": 0 }, "end": { "line": 40, "column": 58160 } }
    },
    "s": {
      "0": 0,
      "1": 0,
      "2": 0,
      "3": 0,
      "4": 0,
      "5": 0,
      "6": 0,
      "7": 0,
      "8": 0,
      "9": 0,
      "10": 0,
      "11": 0,
      "12": 0,
      "13": 0,
      "14": 0,
      "15": 0,
      "16": 0,
      "17": 0,
      "18": 0,
      "19": 0,
      "20": 0,
      "21": 0,
      "22": 0,
      "23": 0,
      "24": 0,
      "25": 0,
      "26": 0,
      "27": 0,
      "28": 0,
      "29": 0,
      "30": 0,
      "31": 0,
      "32": 0,
      "33": 0,
      "34": 0,
      "35": 0,
      "36": 0,
      "37": 0,
      "38": 0,
      "39": 0
    },
    "branchMap": {
      "0": {
        "type": "branch",
        "line": 1,
        "loc": { "start": { "line": 1, "column": 143645 }, "end": { "line": 40, "column": 58160 } },
        "locations": [
          { "start": { "line": 1, "column": 143645 }, "end": { "line": 40, "column": 58160 } }
        ]
      }
    },
    "b": { "0": [0] },
    "fnMap": {
      "0": {
        "name": "(empty-report)",
        "decl": {
          "start": { "line": 1, "column": 143645 },
          "end": { "line": 40, "column": 58160 }
        },
        "loc": { "start": { "line": 1, "column": 143645 }, "end": { "line": 40, "column": 58160 } },
        "line": 1
      }
    },
    "f": { "0": 0 }
  },
  "/Users/mick/Documents/GitHub/HomeWiseAI_3/src/main.tsx": {
    "path": "/Users/mick/Documents/GitHub/HomeWiseAI_3/src/main.tsx",
    "all": true,
    "statementMap": {
      "0": { "start": { "line": 1, "column": 0 }, "end": { "line": 1, "column": 25 } },
      "1": { "start": { "line": 2, "column": 0 }, "end": { "line": 2, "column": 39 } },
      "2": { "start": { "line": 3, "column": 0 }, "end": { "line": 3, "column": 33 } },
      "3": { "start": { "line": 4, "column": 0 }, "end": { "line": 4, "column": 26 } },
      "5": { "start": { "line": 6, "column": 0 }, "end": { "line": 6, "column": 61 } },
      "6": { "start": { "line": 7, "column": 0 }, "end": { "line": 7, "column": 20 } },
      "7": { "start": { "line": 8, "column": 0 }, "end": { "line": 8, "column": 11 } },
      "8": { "start": { "line": 9, "column": 0 }, "end": { "line": 9, "column": 21 } },
      "9": { "start": { "line": 10, "column": 0 }, "end": { "line": 10, "column": 1 } }
    },
    "s": { "0": 0, "1": 0, "2": 0, "3": 0, "5": 0, "6": 0, "7": 0, "8": 0, "9": 0 },
    "branchMap": {
      "0": {
        "type": "branch",
        "line": 1,
        "loc": { "start": { "line": 1, "column": 246 }, "end": { "line": 10, "column": 1 } },
        "locations": [{ "start": { "line": 1, "column": 246 }, "end": { "line": 10, "column": 1 } }]
      }
    },
    "b": { "0": [0] },
    "fnMap": {
      "0": {
        "name": "(empty-report)",
        "decl": { "start": { "line": 1, "column": 246 }, "end": { "line": 10, "column": 1 } },
        "loc": { "start": { "line": 1, "column": 246 }, "end": { "line": 10, "column": 1 } },
        "line": 1
      }
    },
    "f": { "0": 0 }
  },
  "/Users/mick/Documents/GitHub/HomeWiseAI_3/src/components/App.tsx": {
    "path": "/Users/mick/Documents/GitHub/HomeWiseAI_3/src/components/App.tsx",
    "all": false,
    "statementMap": {
      "0": { "start": { "line": 1, "column": 0 }, "end": { "line": 1, "column": 32 } },
      "1": { "start": { "line": 2, "column": 0 }, "end": { "line": 2, "column": 24 } },
      "4": { "start": { "line": 5, "column": 0 }, "end": { "line": 5, "column": 16 } },
      "5": { "start": { "line": 6, "column": 0 }, "end": { "line": 6, "column": 39 } },
      "7": { "start": { "line": 8, "column": 0 }, "end": { "line": 8, "column": 10 } },
      "8": { "start": { "line": 9, "column": 0 }, "end": { "line": 9, "column": 6 } },
      "9": { "start": { "line": 10, "column": 0 }, "end": { "line": 10, "column": 26 } },
      "10": { "start": { "line": 11, "column": 0 }, "end": { "line": 11, "column": 28 } },
      "11": { "start": { "line": 12, "column": 0 }, "end": { "line": 12, "column": 86 } },
      "12": { "start": { "line": 13, "column": 0 }, "end": { "line": 13, "column": 65 } },
      "13": { "start": { "line": 14, "column": 0 }, "end": { "line": 14, "column": 12 } },
      "14": { "start": { "line": 15, "column": 0 }, "end": { "line": 15, "column": 76 } },
      "15": { "start": { "line": 16, "column": 0 }, "end": { "line": 16, "column": 7 } },
      "17": { "start": { "line": 18, "column": 0 }, "end": { "line": 18, "column": 1 } },
      "19": { "start": { "line": 20, "column": 0 }, "end": { "line": 20, "column": 18 } }
    },
    "s": {
      "0": 1,
      "1": 1,
      "4": 4,
      "5": 4,
      "7": 4,
      "8": 4,
      "9": 4,
      "10": 4,
      "11": 4,
      "12": 4,
      "13": 4,
      "14": 4,
      "15": 4,
      "17": 4,
      "19": 1
    },
    "branchMap": {
      "0": {
        "type": "branch",
        "line": 5,
        "loc": { "start": { "line": 5, "column": 0 }, "end": { "line": 18, "column": 1 } },
        "locations": [{ "start": { "line": 5, "column": 0 }, "end": { "line": 18, "column": 1 } }]
      },
      "1": {
        "type": "branch",
        "line": 12,
        "loc": { "start": { "line": 12, "column": 25 }, "end": { "line": 12, "column": 61 } },
        "locations": [
          { "start": { "line": 12, "column": 25 }, "end": { "line": 12, "column": 61 } }
        ]
      },
      "2": {
        "type": "branch",
        "line": 12,
        "loc": { "start": { "line": 12, "column": 40 }, "end": { "line": 12, "column": 58 } },
        "locations": [
          { "start": { "line": 12, "column": 40 }, "end": { "line": 12, "column": 58 } }
        ]
      }
    },
    "b": { "0": [4], "1": [1], "2": [1] },
    "fnMap": {
      "0": {
        "name": "App",
        "decl": { "start": { "line": 5, "column": 0 }, "end": { "line": 18, "column": 1 } },
        "loc": { "start": { "line": 5, "column": 0 }, "end": { "line": 18, "column": 1 } },
        "line": 5
      },
      "1": {
        "name": "onClick",
        "decl": { "start": { "line": 12, "column": 25 }, "end": { "line": 12, "column": 61 } },
        "loc": { "start": { "line": 12, "column": 25 }, "end": { "line": 12, "column": 61 } },
        "line": 12
      }
    },
    "f": { "0": 4, "1": 1 }
  },
  "/Users/mick/Documents/GitHub/HomeWiseAI_3/src/components/__tests__/App.test.tsx": {
    "path": "/Users/mick/Documents/GitHub/HomeWiseAI_3/src/components/__tests__/App.test.tsx",
    "all": false,
    "statementMap": {
      "0": { "start": { "line": 1, "column": 0 }, "end": { "line": 1, "column": 45 } },
      "1": { "start": { "line": 2, "column": 0 }, "end": { "line": 2, "column": 55 } },
      "2": { "start": { "line": 3, "column": 0 }, "end": { "line": 3, "column": 51 } },
      "3": { "start": { "line": 4, "column": 0 }, "end": { "line": 4, "column": 33 } },
      "5": { "start": { "line": 6, "column": 0 }, "end": { "line": 6, "column": 33 } },
      "6": { "start": { "line": 7, "column": 0 }, "end": { "line": 7, "column": 40 } },
      "7": { "start": { "line": 8, "column": 0 }, "end": { "line": 8, "column": 19 } },
      "8": { "start": { "line": 9, "column": 0 }, "end": { "line": 9, "column": 73 } },
      "9": { "start": { "line": 10, "column": 0 }, "end": { "line": 10, "column": 33 } },
      "10": { "start": { "line": 11, "column": 0 }, "end": { "line": 11, "column": 71 } },
      "11": { "start": { "line": 12, "column": 0 }, "end": { "line": 12, "column": 4 } },
      "13": { "start": { "line": 14, "column": 0 }, "end": { "line": 14, "column": 43 } },
      "14": { "start": { "line": 15, "column": 0 }, "end": { "line": 15, "column": 19 } },
      "15": { "start": { "line": 16, "column": 0 }, "end": { "line": 16, "column": 91 } },
      "16": { "start": { "line": 17, "column": 0 }, "end": { "line": 17, "column": 33 } },
      "17": { "start": { "line": 18, "column": 0 }, "end": { "line": 18, "column": 4 } },
      "19": { "start": { "line": 20, "column": 0 }, "end": { "line": 20, "column": 63 } },
      "20": { "start": { "line": 21, "column": 0 }, "end": { "line": 21, "column": 34 } },
      "21": { "start": { "line": 22, "column": 0 }, "end": { "line": 22, "column": 19 } },
      "23": { "start": { "line": 24, "column": 0 }, "end": { "line": 24, "column": 45 } },
      "24": { "start": { "line": 25, "column": 0 }, "end": { "line": 25, "column": 54 } },
      "26": { "start": { "line": 27, "column": 0 }, "end": { "line": 27, "column": 28 } },
      "27": { "start": { "line": 28, "column": 0 }, "end": { "line": 28, "column": 54 } },
      "28": { "start": { "line": 29, "column": 0 }, "end": { "line": 29, "column": 4 } },
      "29": { "start": { "line": 30, "column": 0 }, "end": { "line": 30, "column": 2 } }
    },
    "s": {
      "0": 1,
      "1": 1,
      "2": 1,
      "3": 1,
      "5": 1,
      "6": 1,
      "7": 1,
      "8": 1,
      "9": 1,
      "10": 1,
      "11": 1,
      "13": 1,
      "14": 1,
      "15": 1,
      "16": 1,
      "17": 1,
      "19": 1,
      "20": 1,
      "21": 1,
      "23": 1,
      "24": 1,
      "26": 1,
      "27": 1,
      "28": 1,
      "29": 1
    },
    "branchMap": {
      "0": {
        "type": "branch",
        "line": 6,
        "loc": { "start": { "line": 6, "column": 26 }, "end": { "line": 30, "column": 2 } },
        "locations": [{ "start": { "line": 6, "column": 26 }, "end": { "line": 30, "column": 2 } }]
      },
      "1": {
        "type": "branch",
        "line": 7,
        "loc": { "start": { "line": 7, "column": 33 }, "end": { "line": 12, "column": 3 } },
        "locations": [{ "start": { "line": 7, "column": 33 }, "end": { "line": 12, "column": 3 } }]
      },
      "2": {
        "type": "branch",
        "line": 14,
        "loc": { "start": { "line": 14, "column": 36 }, "end": { "line": 18, "column": 3 } },
        "locations": [{ "start": { "line": 14, "column": 36 }, "end": { "line": 18, "column": 3 } }]
      },
      "3": {
        "type": "branch",
        "line": 20,
        "loc": { "start": { "line": 20, "column": 50 }, "end": { "line": 29, "column": 3 } },
        "locations": [{ "start": { "line": 20, "column": 50 }, "end": { "line": 29, "column": 3 } }]
      }
    },
    "b": { "0": [1], "1": [1], "2": [1], "3": [1] },
    "fnMap": {},
    "f": {}
  }
}
