{"/Users/mick/Documents/GitHub/HomeWiseAI_3/src/main.tsx": {"path":"/Users/mick/Documents/GitHub/HomeWiseAI_3/src/main.tsx","all":false,"statementMap":{"0":{"start":{"line":1,"column":0},"end":{"line":1,"column":25}},"1":{"start":{"line":2,"column":0},"end":{"line":2,"column":39}},"2":{"start":{"line":3,"column":0},"end":{"line":3,"column":33}},"3":{"start":{"line":4,"column":0},"end":{"line":4,"column":26}},"5":{"start":{"line":6,"column":0},"end":{"line":6,"column":61}},"6":{"start":{"line":7,"column":0},"end":{"line":7,"column":20}},"7":{"start":{"line":8,"column":0},"end":{"line":8,"column":11}},"8":{"start":{"line":9,"column":0},"end":{"line":9,"column":21}},"9":{"start":{"line":10,"column":0},"end":{"line":10,"column":1}}},"s":{"0":1,"1":1,"2":1,"3":1,"5":1,"6":1,"7":1,"8":1,"9":1},"branchMap":{},"b":{},"fnMap":{},"f":{}}
,"/Users/mick/Documents/GitHub/HomeWiseAI_3/src/setupTests.ts": {"path":"/Users/mick/Documents/GitHub/HomeWiseAI_3/src/setupTests.ts","all":true,"statementMap":{"0":{"start":{"line":1,"column":0},"end":{"line":1,"column":34}},"1":{"start":{"line":2,"column":0},"end":{"line":2,"column":27}}},"s":{"0":0,"1":0},"branchMap":{"0":{"type":"branch","line":1,"loc":{"start":{"line":1,"column":210},"end":{"line":9,"column":39}},"locations":[{"start":{"line":1,"column":210},"end":{"line":9,"column":39}}]}},"b":{"0":[0]},"fnMap":{"0":{"name":"(empty-report)","decl":{"start":{"line":1,"column":210},"end":{"line":9,"column":39}},"loc":{"start":{"line":1,"column":210},"end":{"line":9,"column":39}},"line":1}},"f":{"0":0}}
,"/Users/mick/Documents/GitHub/HomeWiseAI_3/src/__mocks__/@tauri-apps/api.ts": {"path":"/Users/mick/Documents/GitHub/HomeWiseAI_3/src/__mocks__/@tauri-apps/api.ts","all":true,"statementMap":{"0":{"start":{"line":1,"column":0},"end":{"line":1,"column":27}},"2":{"start":{"line":3,"column":0},"end":{"line":3,"column":77}},"3":{"start":{"line":4,"column":0},"end":{"line":4,"column":40}},"4":{"start":{"line":5,"column":0},"end":{"line":5,"column":12}},"5":{"start":{"line":6,"column":0},"end":{"line":6,"column":18}},"6":{"start":{"line":7,"column":0},"end":{"line":7,"column":32}},"7":{"start":{"line":8,"column":0},"end":{"line":8,"column":36}},"8":{"start":{"line":9,"column":0},"end":{"line":9,"column":34}},"9":{"start":{"line":10,"column":0},"end":{"line":10,"column":5}},"10":{"start":{"line":11,"column":0},"end":{"line":11,"column":3}},"11":{"start":{"line":12,"column":0},"end":{"line":12,"column":48}},"12":{"start":{"line":13,"column":0},"end":{"line":13,"column":2}}},"s":{"0":0,"2":0,"3":0,"4":0,"5":0,"6":0,"7":0,"8":0,"9":0,"10":0,"11":0,"12":0},"branchMap":{"0":{"type":"branch","line":1,"loc":{"start":{"line":1,"column":0},"end":{"line":13,"column":-65}},"locations":[{"start":{"line":1,"column":0},"end":{"line":13,"column":-65}}]}},"b":{"0":[0]},"fnMap":{"0":{"name":"(empty-report)","decl":{"start":{"line":1,"column":0},"end":{"line":13,"column":-65}},"loc":{"start":{"line":1,"column":0},"end":{"line":13,"column":-65}},"line":1}},"f":{"0":0}}
,"/Users/mick/Documents/GitHub/HomeWiseAI_3/src/components/App.tsx": {"path":"/Users/mick/Documents/GitHub/HomeWiseAI_3/src/components/App.tsx","all":false,"statementMap":{"0":{"start":{"line":1,"column":0},"end":{"line":1,"column":41}},"1":{"start":{"line":2,"column":0},"end":{"line":2,"column":60}},"2":{"start":{"line":3,"column":0},"end":{"line":3,"column":26}},"4":{"start":{"line":5,"column":0},"end":{"line":5,"column":16}},"5":{"start":{"line":6,"column":0},"end":{"line":6,"column":10}},"6":{"start":{"line":7,"column":0},"end":{"line":7,"column":29}},"7":{"start":{"line":8,"column":0},"end":{"line":8,"column":26}},"8":{"start":{"line":9,"column":0},"end":{"line":9,"column":63}},"9":{"start":{"line":10,"column":0},"end":{"line":10,"column":25}},"10":{"start":{"line":11,"column":0},"end":{"line":11,"column":16}},"12":{"start":{"line":13,"column":0},"end":{"line":13,"column":1}},"14":{"start":{"line":15,"column":0},"end":{"line":15,"column":18}}},"s":{"0":1,"1":1,"2":1,"4":5,"5":5,"6":5,"7":5,"8":5,"9":5,"10":5,"12":5,"14":1},"branchMap":{"0":{"type":"branch","line":5,"loc":{"start":{"line":5,"column":0},"end":{"line":13,"column":1}},"locations":[{"start":{"line":5,"column":0},"end":{"line":13,"column":1}}]}},"b":{"0":[5]},"fnMap":{"0":{"name":"App","decl":{"start":{"line":5,"column":0},"end":{"line":13,"column":1}},"loc":{"start":{"line":5,"column":0},"end":{"line":13,"column":1}},"line":5}},"f":{"0":5}}
,"/Users/mick/Documents/GitHub/HomeWiseAI_3/src/components/hardware/HardwareMonitor.tsx": {"path":"/Users/mick/Documents/GitHub/HomeWiseAI_3/src/components/hardware/HardwareMonitor.tsx","all":false,"statementMap":{"0":{"start":{"line":1,"column":0},"end":{"line":1,"column":8}},"12":{"start":{"line":13,"column":0},"end":{"line":13,"column":38}},"13":{"start":{"line":14,"column":0},"end":{"line":14,"column":88}},"15":{"start":{"line":16,"column":0},"end":{"line":16,"column":14}},"16":{"start":{"line":17,"column":0},"end":{"line":17,"column":12}},"17":{"start":{"line":18,"column":0},"end":{"line":18,"column":12}},"18":{"start":{"line":19,"column":0},"end":{"line":19,"column":24}},"19":{"start":{"line":20,"column":0},"end":{"line":20,"column":16}},"20":{"start":{"line":21,"column":0},"end":{"line":21,"column":77}},"21":{"start":{"line":22,"column":0},"end":{"line":22,"column":27}},"22":{"start":{"line":23,"column":0},"end":{"line":23,"column":23}},"25":{"start":{"line":26,"column":0},"end":{"line":26,"column":23}},"26":{"start":{"line":27,"column":0},"end":{"line":27,"column":14}},"28":{"start":{"line":29,"column":0},"end":{"line":29,"column":3}},"30":{"start":{"line":31,"column":0},"end":{"line":31,"column":42}},"31":{"start":{"line":32,"column":0},"end":{"line":32,"column":29}},"32":{"start":{"line":33,"column":0},"end":{"line":33,"column":3}},"34":{"start":{"line":35,"column":0},"end":{"line":35,"column":10}},"35":{"start":{"line":36,"column":0},"end":{"line":36,"column":10}},"36":{"start":{"line":37,"column":0},"end":{"line":37,"column":19}},"37":{"start":{"line":38,"column":0},"end":{"line":38,"column":86}},"38":{"start":{"line":39,"column":0},"end":{"line":39,"column":64}},"39":{"start":{"line":40,"column":0},"end":{"line":40,"column":82}},"40":{"start":{"line":41,"column":0},"end":{"line":41,"column":27}},"41":{"start":{"line":42,"column":0},"end":{"line":42,"column":23}},"42":{"start":{"line":43,"column":0},"end":{"line":43,"column":14}},"44":{"start":{"line":45,"column":0},"end":{"line":45,"column":20}},"45":{"start":{"line":46,"column":0},"end":{"line":46,"column":55}},"47":{"start":{"line":48,"column":0},"end":{"line":48,"column":23}},"48":{"start":{"line":49,"column":0},"end":{"line":49,"column":61}},"49":{"start":{"line":50,"column":0},"end":{"line":50,"column":35}},"50":{"start":{"line":51,"column":0},"end":{"line":51,"column":23}},"51":{"start":{"line":52,"column":0},"end":{"line":52,"column":61}},"52":{"start":{"line":53,"column":0},"end":{"line":53,"column":50}},"53":{"start":{"line":54,"column":0},"end":{"line":54,"column":23}},"54":{"start":{"line":55,"column":0},"end":{"line":55,"column":14}},"56":{"start":{"line":57,"column":0},"end":{"line":57,"column":13}},"57":{"start":{"line":58,"column":0},"end":{"line":58,"column":55}},"59":{"start":{"line":60,"column":0},"end":{"line":60,"column":23}},"60":{"start":{"line":61,"column":0},"end":{"line":61,"column":25}},"61":{"start":{"line":62,"column":0},"end":{"line":62,"column":33}},"62":{"start":{"line":63,"column":0},"end":{"line":63,"column":57}},"63":{"start":{"line":64,"column":0},"end":{"line":64,"column":54}},"64":{"start":{"line":65,"column":0},"end":{"line":65,"column":12}},"65":{"start":{"line":66,"column":0},"end":{"line":66,"column":61}},"66":{"start":{"line":67,"column":0},"end":{"line":67,"column":63}},"67":{"start":{"line":68,"column":0},"end":{"line":68,"column":59}},"68":{"start":{"line":69,"column":0},"end":{"line":69,"column":64}},"69":{"start":{"line":70,"column":0},"end":{"line":70,"column":23}},"70":{"start":{"line":71,"column":0},"end":{"line":71,"column":14}},"72":{"start":{"line":73,"column":0},"end":{"line":73,"column":23}},"73":{"start":{"line":74,"column":0},"end":{"line":74,"column":22}},"74":{"start":{"line":75,"column":0},"end":{"line":75,"column":30}},"75":{"start":{"line":76,"column":0},"end":{"line":76,"column":16}},"77":{"start":{"line":78,"column":0},"end":{"line":78,"column":20}},"78":{"start":{"line":79,"column":0},"end":{"line":79,"column":11}},"80":{"start":{"line":81,"column":0},"end":{"line":81,"column":1}}},"s":{"0":1,"12":1,"13":10,"15":10,"16":1,"17":1,"18":1,"19":1,"20":1,"21":1,"22":1,"25":1,"26":1,"28":1,"30":10,"31":2,"32":2,"34":6,"35":6,"36":6,"37":6,"38":6,"39":6,"40":6,"41":6,"42":6,"44":6,"45":6,"47":6,"48":6,"49":6,"50":6,"51":6,"52":6,"53":6,"54":6,"56":6,"57":6,"59":6,"60":6,"61":6,"62":6,"63":6,"64":6,"65":6,"66":6,"67":6,"68":6,"69":6,"70":6,"72":6,"73":1,"74":1,"75":1,"77":10,"78":10,"80":10},"branchMap":{"0":{"type":"branch","line":13,"loc":{"start":{"line":13,"column":31},"end":{"line":81,"column":1}},"locations":[{"start":{"line":13,"column":31},"end":{"line":81,"column":1}}]},"1":{"type":"branch","line":16,"loc":{"start":{"line":16,"column":13},"end":{"line":29,"column":3}},"locations":[{"start":{"line":16,"column":13},"end":{"line":29,"column":3}}]},"2":{"type":"branch","line":29,"loc":{"start":{"line":29,"column":2},"end":{"line":31,"column":23}},"locations":[{"start":{"line":29,"column":2},"end":{"line":31,"column":23}}]},"3":{"type":"branch","line":31,"loc":{"start":{"line":31,"column":7},"end":{"line":31,"column":41}},"locations":[{"start":{"line":31,"column":7},"end":{"line":31,"column":41}}]},"4":{"type":"branch","line":31,"loc":{"start":{"line":31,"column":41},"end":{"line":33,"column":3}},"locations":[{"start":{"line":31,"column":41},"end":{"line":33,"column":3}}]},"5":{"type":"branch","line":33,"loc":{"start":{"line":33,"column":2},"end":{"line":76,"column":16}},"locations":[{"start":{"line":33,"column":2},"end":{"line":76,"column":16}}]},"6":{"type":"branch","line":33,"loc":{"start":{"line":33,"column":2},"end":{"line":73,"column":23}},"locations":[{"start":{"line":33,"column":2},"end":{"line":73,"column":23}}]},"7":{"type":"branch","line":73,"loc":{"start":{"line":73,"column":9},"end":{"line":76,"column":16}},"locations":[{"start":{"line":73,"column":9},"end":{"line":76,"column":16}}]},"8":{"type":"branch","line":40,"loc":{"start":{"line":40,"column":31},"end":{"line":40,"column":48}},"locations":[{"start":{"line":40,"column":31},"end":{"line":40,"column":48}}]}},"b":{"0":[10],"1":[1],"2":[8],"3":[6],"4":[2],"5":[8],"6":[6],"7":[1],"8":[1]},"fnMap":{"0":{"name":"HardwareMonitor","decl":{"start":{"line":13,"column":31},"end":{"line":81,"column":1}},"loc":{"start":{"line":13,"column":31},"end":{"line":81,"column":1}},"line":13},"1":{"name":"onClick","decl":{"start":{"line":21,"column":60},"end":{"line":21,"column":77}},"loc":{"start":{"line":21,"column":60},"end":{"line":21,"column":77}},"line":21},"2":{"name":"onClick","decl":{"start":{"line":40,"column":31},"end":{"line":40,"column":48}},"loc":{"start":{"line":40,"column":31},"end":{"line":40,"column":48}},"line":40}},"f":{"0":10,"1":0,"2":1}}
,"/Users/mick/Documents/GitHub/HomeWiseAI_3/src/hooks/useHardwareInfo.ts": {"path":"/Users/mick/Documents/GitHub/HomeWiseAI_3/src/hooks/useHardwareInfo.ts","all":false,"statementMap":{"0":{"start":{"line":1,"column":0},"end":{"line":1,"column":56}},"12":{"start":{"line":13,"column":0},"end":{"line":13,"column":42}},"14":{"start":{"line":15,"column":0},"end":{"line":15,"column":61}},"15":{"start":{"line":16,"column":0},"end":{"line":16,"column":77}},"16":{"start":{"line":17,"column":0},"end":{"line":17,"column":86}},"17":{"start":{"line":18,"column":0},"end":{"line":18,"column":56}},"18":{"start":{"line":19,"column":0},"end":{"line":19,"column":50}},"20":{"start":{"line":21,"column":0},"end":{"line":21,"column":53}},"21":{"start":{"line":22,"column":0},"end":{"line":22,"column":9}},"22":{"start":{"line":23,"column":0},"end":{"line":23,"column":20}},"23":{"start":{"line":24,"column":0},"end":{"line":24,"column":42}},"24":{"start":{"line":25,"column":0},"end":{"line":25,"column":27}},"25":{"start":{"line":26,"column":0},"end":{"line":26,"column":56}},"26":{"start":{"line":27,"column":0},"end":{"line":27,"column":19}},"27":{"start":{"line":28,"column":0},"end":{"line":28,"column":87}},"28":{"start":{"line":29,"column":0},"end":{"line":29,"column":27}},"29":{"start":{"line":30,"column":0},"end":{"line":30,"column":30}},"30":{"start":{"line":31,"column":0},"end":{"line":31,"column":15}},"31":{"start":{"line":32,"column":0},"end":{"line":32,"column":25}},"32":{"start":{"line":33,"column":0},"end":{"line":33,"column":5}},"33":{"start":{"line":34,"column":0},"end":{"line":34,"column":8}},"35":{"start":{"line":36,"column":0},"end":{"line":36,"column":43}},"36":{"start":{"line":37,"column":0},"end":{"line":37,"column":22}},"37":{"start":{"line":38,"column":0},"end":{"line":38,"column":29}},"38":{"start":{"line":39,"column":0},"end":{"line":39,"column":25}},"40":{"start":{"line":41,"column":0},"end":{"line":41,"column":19}},"41":{"start":{"line":42,"column":0},"end":{"line":42,"column":23}},"44":{"start":{"line":45,"column":0},"end":{"line":45,"column":42}},"45":{"start":{"line":46,"column":0},"end":{"line":46,"column":73}},"46":{"start":{"line":47,"column":0},"end":{"line":47,"column":44}},"47":{"start":{"line":48,"column":0},"end":{"line":48,"column":5}},"48":{"start":{"line":49,"column":0},"end":{"line":49,"column":25}},"50":{"start":{"line":51,"column":0},"end":{"line":51,"column":10}},"51":{"start":{"line":52,"column":0},"end":{"line":52,"column":17}},"52":{"start":{"line":53,"column":0},"end":{"line":53,"column":20}},"53":{"start":{"line":54,"column":0},"end":{"line":54,"column":10}},"54":{"start":{"line":55,"column":0},"end":{"line":55,"column":14}},"55":{"start":{"line":56,"column":0},"end":{"line":56,"column":12}},"56":{"start":{"line":57,"column":0},"end":{"line":57,"column":3}},"57":{"start":{"line":58,"column":0},"end":{"line":58,"column":1}}},"s":{"0":1,"12":1,"14":1,"15":20,"16":20,"17":20,"18":20,"20":20,"21":10,"22":10,"23":10,"24":7,"25":7,"26":10,"27":3,"28":3,"29":3,"30":10,"31":10,"32":10,"33":20,"35":20,"36":1,"37":1,"38":20,"40":20,"41":9,"44":9,"45":0,"46":0,"47":0,"48":20,"50":20,"51":20,"52":20,"53":20,"54":20,"55":20,"56":20,"57":20},"branchMap":{"0":{"type":"branch","line":15,"loc":{"start":{"line":15,"column":31},"end":{"line":58,"column":1}},"locations":[{"start":{"line":15,"column":31},"end":{"line":58,"column":1}}]},"1":{"type":"branch","line":21,"loc":{"start":{"line":21,"column":40},"end":{"line":34,"column":5}},"locations":[{"start":{"line":21,"column":40},"end":{"line":34,"column":5}}]},"2":{"type":"branch","line":24,"loc":{"start":{"line":24,"column":41},"end":{"line":27,"column":13}},"locations":[{"start":{"line":24,"column":41},"end":{"line":27,"column":13}}]},"3":{"type":"branch","line":27,"loc":{"start":{"line":27,"column":4},"end":{"line":31,"column":6}},"locations":[{"start":{"line":27,"column":4},"end":{"line":31,"column":6}}]},"4":{"type":"branch","line":28,"loc":{"start":{"line":28,"column":38},"end":{"line":28,"column":86}},"locations":[{"start":{"line":28,"column":38},"end":{"line":28,"column":86}}]},"5":{"type":"branch","line":36,"loc":{"start":{"line":36,"column":30},"end":{"line":39,"column":5}},"locations":[{"start":{"line":36,"column":30},"end":{"line":39,"column":5}}]},"6":{"type":"branch","line":41,"loc":{"start":{"line":41,"column":12},"end":{"line":49,"column":5}},"locations":[{"start":{"line":41,"column":12},"end":{"line":49,"column":5}}]},"7":{"type":"branch","line":45,"loc":{"start":{"line":45,"column":41},"end":{"line":48,"column":5}},"locations":[{"start":{"line":45,"column":41},"end":{"line":48,"column":5}}]}},"b":{"0":[20],"1":[10],"2":[7],"3":[3],"4":[0],"5":[1],"6":[9],"7":[0]},"fnMap":{"0":{"name":"useHardwareInfo","decl":{"start":{"line":15,"column":31},"end":{"line":58,"column":1}},"loc":{"start":{"line":15,"column":31},"end":{"line":58,"column":1}},"line":15}},"f":{"0":20}}
,"/Users/mick/Documents/GitHub/HomeWiseAI_3/src/services/hardwareService.ts": {"path":"/Users/mick/Documents/GitHub/HomeWiseAI_3/src/services/hardwareService.ts","all":false,"statementMap":{"0":{"start":{"line":1,"column":0},"end":{"line":1,"column":35}},"8":{"start":{"line":9,"column":0},"end":{"line":9,"column":60}},"9":{"start":{"line":10,"column":0},"end":{"line":10,"column":42}},"10":{"start":{"line":11,"column":0},"end":{"line":11,"column":58}},"11":{"start":{"line":12,"column":0},"end":{"line":12,"column":3}},"13":{"start":{"line":14,"column":0},"end":{"line":14,"column":63}},"14":{"start":{"line":15,"column":0},"end":{"line":15,"column":40}},"15":{"start":{"line":16,"column":0},"end":{"line":16,"column":3}},"17":{"start":{"line":18,"column":0},"end":{"line":18,"column":79}},"18":{"start":{"line":19,"column":0},"end":{"line":19,"column":52}},"19":{"start":{"line":20,"column":0},"end":{"line":20,"column":3}},"21":{"start":{"line":22,"column":0},"end":{"line":22,"column":69}},"22":{"start":{"line":23,"column":0},"end":{"line":23,"column":49}},"23":{"start":{"line":24,"column":0},"end":{"line":24,"column":3}},"25":{"start":{"line":26,"column":0},"end":{"line":26,"column":66}},"26":{"start":{"line":27,"column":0},"end":{"line":27,"column":48}},"27":{"start":{"line":28,"column":0},"end":{"line":28,"column":3}},"29":{"start":{"line":30,"column":0},"end":{"line":30,"column":43}},"30":{"start":{"line":31,"column":0},"end":{"line":31,"column":55}},"31":{"start":{"line":32,"column":0},"end":{"line":32,"column":3}},"32":{"start":{"line":33,"column":0},"end":{"line":33,"column":1}},"39":{"start":{"line":40,"column":0},"end":{"line":40,"column":67}},"40":{"start":{"line":41,"column":0},"end":{"line":41,"column":7}},"41":{"start":{"line":42,"column":0},"end":{"line":42,"column":64}},"42":{"start":{"line":43,"column":0},"end":{"line":43,"column":16}},"43":{"start":{"line":44,"column":0},"end":{"line":44,"column":64}},"44":{"start":{"line":45,"column":0},"end":{"line":45,"column":5}},"46":{"start":{"line":47,"column":0},"end":{"line":47,"column":30}},"47":{"start":{"line":48,"column":0},"end":{"line":48,"column":15}},"48":{"start":{"line":49,"column":0},"end":{"line":49,"column":19}},"49":{"start":{"line":50,"column":0},"end":{"line":50,"column":57}},"50":{"start":{"line":51,"column":0},"end":{"line":51,"column":95}},"51":{"start":{"line":52,"column":0},"end":{"line":52,"column":3}},"52":{"start":{"line":53,"column":0},"end":{"line":53,"column":1}},"60":{"start":{"line":61,"column":0},"end":{"line":61,"column":82}},"61":{"start":{"line":62,"column":0},"end":{"line":62,"column":28}},"63":{"start":{"line":64,"column":0},"end":{"line":64,"column":82}},"64":{"start":{"line":65,"column":0},"end":{"line":65,"column":80}},"65":{"start":{"line":66,"column":0},"end":{"line":66,"column":96}},"68":{"start":{"line":69,"column":0},"end":{"line":69,"column":6}},"69":{"start":{"line":70,"column":0},"end":{"line":70,"column":38}},"70":{"start":{"line":71,"column":0},"end":{"line":71,"column":37}},"71":{"start":{"line":72,"column":0},"end":{"line":72,"column":43}},"72":{"start":{"line":73,"column":0},"end":{"line":73,"column":5}},"73":{"start":{"line":74,"column":0},"end":{"line":74,"column":50}},"74":{"start":{"line":75,"column":0},"end":{"line":75,"column":3}},"76":{"start":{"line":77,"column":0},"end":{"line":77,"column":10}},"77":{"start":{"line":78,"column":0},"end":{"line":78,"column":26}},"78":{"start":{"line":79,"column":0},"end":{"line":79,"column":18}},"79":{"start":{"line":80,"column":0},"end":{"line":80,"column":17}},"80":{"start":{"line":81,"column":0},"end":{"line":81,"column":3}},"81":{"start":{"line":82,"column":0},"end":{"line":82,"column":1}}},"s":{"0":1,"8":1,"9":11,"10":0,"11":0,"13":11,"14":2,"15":2,"17":11,"18":2,"19":2,"21":11,"22":3,"23":3,"25":11,"26":0,"27":0,"29":11,"30":1,"31":1,"32":11,"39":1,"40":11,"41":11,"42":11,"43":2,"44":2,"46":8,"47":8,"48":11,"49":10,"50":10,"51":10,"52":11,"60":1,"61":3,"63":3,"64":3,"65":3,"68":3,"69":3,"70":2,"71":2,"72":3,"73":0,"74":0,"76":2,"77":2,"78":2,"79":2,"80":2,"81":2},"branchMap":{"0":{"type":"branch","line":9,"loc":{"start":{"line":9,"column":29},"end":{"line":33,"column":1}},"locations":[{"start":{"line":9,"column":29},"end":{"line":33,"column":1}}]},"1":{"type":"branch","line":10,"loc":{"start":{"line":10,"column":41},"end":{"line":12,"column":3}},"locations":[{"start":{"line":10,"column":41},"end":{"line":12,"column":3}}]},"2":{"type":"branch","line":14,"loc":{"start":{"line":14,"column":37},"end":{"line":14,"column":62}},"locations":[{"start":{"line":14,"column":37},"end":{"line":14,"column":62}}]},"3":{"type":"branch","line":14,"loc":{"start":{"line":14,"column":62},"end":{"line":16,"column":3}},"locations":[{"start":{"line":14,"column":62},"end":{"line":16,"column":3}}]},"4":{"type":"branch","line":16,"loc":{"start":{"line":16,"column":2},"end":{"line":18,"column":43}},"locations":[{"start":{"line":16,"column":2},"end":{"line":18,"column":43}}]},"5":{"type":"branch","line":18,"loc":{"start":{"line":18,"column":31},"end":{"line":18,"column":78}},"locations":[{"start":{"line":18,"column":31},"end":{"line":18,"column":78}}]},"6":{"type":"branch","line":18,"loc":{"start":{"line":18,"column":78},"end":{"line":20,"column":3}},"locations":[{"start":{"line":18,"column":78},"end":{"line":20,"column":3}}]},"7":{"type":"branch","line":20,"loc":{"start":{"line":20,"column":2},"end":{"line":22,"column":45}},"locations":[{"start":{"line":20,"column":2},"end":{"line":22,"column":45}}]},"8":{"type":"branch","line":22,"loc":{"start":{"line":22,"column":40},"end":{"line":22,"column":68}},"locations":[{"start":{"line":22,"column":40},"end":{"line":22,"column":68}}]},"9":{"type":"branch","line":22,"loc":{"start":{"line":22,"column":68},"end":{"line":24,"column":3}},"locations":[{"start":{"line":22,"column":68},"end":{"line":24,"column":3}}]},"10":{"type":"branch","line":24,"loc":{"start":{"line":24,"column":2},"end":{"line":26,"column":65}},"locations":[{"start":{"line":24,"column":2},"end":{"line":26,"column":65}}]},"11":{"type":"branch","line":26,"loc":{"start":{"line":26,"column":65},"end":{"line":28,"column":3}},"locations":[{"start":{"line":26,"column":65},"end":{"line":28,"column":3}}]},"12":{"type":"branch","line":28,"loc":{"start":{"line":28,"column":2},"end":{"line":30,"column":42}},"locations":[{"start":{"line":28,"column":2},"end":{"line":30,"column":42}}]},"13":{"type":"branch","line":30,"loc":{"start":{"line":30,"column":42},"end":{"line":32,"column":3}},"locations":[{"start":{"line":30,"column":42},"end":{"line":32,"column":3}}]},"14":{"type":"branch","line":40,"loc":{"start":{"line":40,"column":31},"end":{"line":53,"column":1}},"locations":[{"start":{"line":40,"column":31},"end":{"line":53,"column":1}}]},"15":{"type":"branch","line":42,"loc":{"start":{"line":42,"column":63},"end":{"line":43,"column":15}},"locations":[{"start":{"line":42,"column":63},"end":{"line":43,"column":15}}]},"16":{"type":"branch","line":43,"loc":{"start":{"line":43,"column":15},"end":{"line":45,"column":5}},"locations":[{"start":{"line":43,"column":15},"end":{"line":45,"column":5}}]},"17":{"type":"branch","line":45,"loc":{"start":{"line":45,"column":4},"end":{"line":49,"column":11}},"locations":[{"start":{"line":45,"column":4},"end":{"line":49,"column":11}}]},"18":{"type":"branch","line":49,"loc":{"start":{"line":49,"column":2},"end":{"line":52,"column":3}},"locations":[{"start":{"line":49,"column":2},"end":{"line":52,"column":3}}]},"19":{"type":"branch","line":51,"loc":{"start":{"line":51,"column":35},"end":{"line":51,"column":95}},"locations":[{"start":{"line":51,"column":35},"end":{"line":51,"column":95}}]},"20":{"type":"branch","line":61,"loc":{"start":{"line":61,"column":40},"end":{"line":82,"column":1}},"locations":[{"start":{"line":61,"column":40},"end":{"line":82,"column":1}}]},"21":{"type":"branch","line":70,"loc":{"start":{"line":70,"column":34},"end":{"line":71,"column":37}},"locations":[{"start":{"line":70,"column":34},"end":{"line":71,"column":37}}]},"22":{"type":"branch","line":71,"loc":{"start":{"line":71,"column":33},"end":{"line":72,"column":43}},"locations":[{"start":{"line":71,"column":33},"end":{"line":72,"column":43}}]},"23":{"type":"branch","line":73,"loc":{"start":{"line":73,"column":4},"end":{"line":75,"column":3}},"locations":[{"start":{"line":73,"column":4},"end":{"line":75,"column":3}}]},"24":{"type":"branch","line":75,"loc":{"start":{"line":75,"column":2},"end":{"line":82,"column":1}},"locations":[{"start":{"line":75,"column":2},"end":{"line":82,"column":1}}]}},"b":{"0":[11],"1":[0],"2":[10],"3":[2],"4":[9],"5":[8],"6":[2],"7":[7],"8":[6],"9":[3],"10":[4],"11":[0],"12":[4],"13":[1],"14":[11],"15":[10],"16":[2],"17":[8],"18":[10],"19":[0],"20":[3],"21":[2],"22":[2],"23":[0],"24":[2]},"fnMap":{"0":{"name":"validateHardwareInfo","decl":{"start":{"line":9,"column":29},"end":{"line":33,"column":1}},"loc":{"start":{"line":9,"column":29},"end":{"line":33,"column":1}},"line":9},"1":{"name":"getHardwareInfo","decl":{"start":{"line":40,"column":31},"end":{"line":53,"column":1}},"loc":{"start":{"line":40,"column":31},"end":{"line":53,"column":1}},"line":40},"2":{"name":"calculateSystemResources","decl":{"start":{"line":61,"column":40},"end":{"line":82,"column":1}},"loc":{"start":{"line":61,"column":40},"end":{"line":82,"column":1}},"line":61}},"f":{"0":11,"1":11,"2":3}}
,"/Users/mick/Documents/GitHub/HomeWiseAI_3/src/services/tauriApi.ts": {"path":"/Users/mick/Documents/GitHub/HomeWiseAI_3/src/services/tauriApi.ts","all":false,"statementMap":{"13":{"start":{"line":14,"column":0},"end":{"line":14,"column":26}},"16":{"start":{"line":17,"column":0},"end":{"line":17,"column":58}},"17":{"start":{"line":18,"column":0},"end":{"line":18,"column":34}},"18":{"start":{"line":19,"column":0},"end":{"line":19,"column":30}},"19":{"start":{"line":20,"column":0},"end":{"line":20,"column":34}},"20":{"start":{"line":21,"column":0},"end":{"line":21,"column":8}},"21":{"start":{"line":22,"column":0},"end":{"line":22,"column":24}},"22":{"start":{"line":23,"column":0},"end":{"line":23,"column":46}},"23":{"start":{"line":24,"column":0},"end":{"line":24,"column":3}},"24":{"start":{"line":25,"column":0},"end":{"line":25,"column":1}}},"s":{"13":1,"16":1,"17":1,"18":0,"19":0,"20":0,"21":0,"22":0,"23":0,"24":0},"branchMap":{"0":{"type":"branch","line":19,"loc":{"start":{"line":19,"column":0},"end":{"line":25,"column":1}},"locations":[{"start":{"line":19,"column":0},"end":{"line":25,"column":1}}]}},"b":{"0":[0]},"fnMap":{"0":{"name":"invoke","decl":{"start":{"line":22,"column":11},"end":{"line":24,"column":3}},"loc":{"start":{"line":22,"column":11},"end":{"line":24,"column":3}},"line":22}},"f":{"0":0}}
,"/Users/mick/Documents/GitHub/HomeWiseAI_3/src/services/__mocks__/tauriApi.ts": {"path":"/Users/mick/Documents/GitHub/HomeWiseAI_3/src/services/__mocks__/tauriApi.ts","all":true,"statementMap":{"0":{"start":{"line":1,"column":0},"end":{"line":1,"column":27}},"3":{"start":{"line":4,"column":0},"end":{"line":4,"column":29}},"6":{"start":{"line":7,"column":0},"end":{"line":7,"column":70}}},"s":{"0":0,"3":0,"6":0},"branchMap":{"0":{"type":"branch","line":1,"loc":{"start":{"line":1,"column":204},"end":{"line":7,"column":70}},"locations":[{"start":{"line":1,"column":204},"end":{"line":7,"column":70}}]}},"b":{"0":[0]},"fnMap":{"0":{"name":"(empty-report)","decl":{"start":{"line":1,"column":204},"end":{"line":7,"column":70}},"loc":{"start":{"line":1,"column":204},"end":{"line":7,"column":70}},"line":1}},"f":{"0":0}}
,"/Users/mick/Documents/GitHub/HomeWiseAI_3/src/services/__mocks__/@tauri-apps/api/tauri.ts": {"path":"/Users/mick/Documents/GitHub/HomeWiseAI_3/src/services/__mocks__/@tauri-apps/api/tauri.ts","all":true,"statementMap":{"0":{"start":{"line":1,"column":0},"end":{"line":1,"column":27}},"2":{"start":{"line":3,"column":0},"end":{"line":3,"column":77}},"3":{"start":{"line":4,"column":0},"end":{"line":4,"column":40}},"4":{"start":{"line":5,"column":0},"end":{"line":5,"column":12}},"5":{"start":{"line":6,"column":0},"end":{"line":6,"column":18}},"6":{"start":{"line":7,"column":0},"end":{"line":7,"column":32}},"7":{"start":{"line":8,"column":0},"end":{"line":8,"column":36}},"8":{"start":{"line":9,"column":0},"end":{"line":9,"column":34}},"9":{"start":{"line":10,"column":0},"end":{"line":10,"column":5}},"10":{"start":{"line":11,"column":0},"end":{"line":11,"column":3}},"11":{"start":{"line":12,"column":0},"end":{"line":12,"column":48}},"12":{"start":{"line":13,"column":0},"end":{"line":13,"column":2}}},"s":{"0":0,"2":0,"3":0,"4":0,"5":0,"6":0,"7":0,"8":0,"9":0,"10":0,"11":0,"12":0},"branchMap":{"0":{"type":"branch","line":1,"loc":{"start":{"line":1,"column":0},"end":{"line":13,"column":-65}},"locations":[{"start":{"line":1,"column":0},"end":{"line":13,"column":-65}}]}},"b":{"0":[0]},"fnMap":{"0":{"name":"(empty-report)","decl":{"start":{"line":1,"column":0},"end":{"line":13,"column":-65}},"loc":{"start":{"line":1,"column":0},"end":{"line":13,"column":-65}},"line":1}},"f":{"0":0}}
,"/Users/mick/Documents/GitHub/HomeWiseAI_3/src/test/mocks/tauriModule.ts": {"path":"/Users/mick/Documents/GitHub/HomeWiseAI_3/src/test/mocks/tauriModule.ts","all":false,"statementMap":{"0":{"start":{"line":1,"column":0},"end":{"line":1,"column":27}},"2":{"start":{"line":3,"column":0},"end":{"line":3,"column":29}},"4":{"start":{"line":5,"column":0},"end":{"line":5,"column":16}},"5":{"start":{"line":6,"column":0},"end":{"line":6,"column":9}},"6":{"start":{"line":7,"column":0},"end":{"line":7,"column":1}}},"s":{"0":1,"2":1,"4":1,"5":1,"6":1},"branchMap":{},"b":{},"fnMap":{},"f":{}}
,"/Users/mick/Documents/GitHub/HomeWiseAI_3/src/types/hardware.ts": {"path":"/Users/mick/Documents/GitHub/HomeWiseAI_3/src/types/hardware.ts","all":true,"statementMap":{},"s":{},"branchMap":{"0":{"type":"branch","line":1,"loc":{"start":{"line":1,"column":231},"end":{"line":12,"column":1}},"locations":[{"start":{"line":1,"column":231},"end":{"line":12,"column":1}}]}},"b":{"0":[1]},"fnMap":{"0":{"name":"(empty-report)","decl":{"start":{"line":1,"column":231},"end":{"line":12,"column":1}},"loc":{"start":{"line":1,"column":231},"end":{"line":12,"column":1}},"line":1}},"f":{"0":1}}
}
